Using pre-set license
Built from '2022.1/staging' branch; Version is '2022.1.0b16 (098023fe5c31) revision 622627'; Using compiler version '192829333'; Build Type 'Release'
OS: 'Windows 11  (10.0.22000) 64bit Core' Language: 'en' Physical Memory: 16232 MB
BatchMode: 1, IsHumanControllingUs: 0, StartBugReporterOnCrash: 0, Is64bit: 1, IsPro: 1

COMMAND LINE ARGUMENTS:
D:\unity\2022.1.0b16\Editor\Unity.exe
-adb2
-batchMode
-noUpm
-name
AssetImportWorker5
-projectPath
C:/ModelDisplay
-logFile
Logs/AssetImportWorker5.log
-srvPort
57936
Successfully changed project path to: C:/ModelDisplay
C:/ModelDisplay
[UnityMemory] Configuration Parameters - Can be set up in boot.config
    "memorysetup-bucket-allocator-granularity=16"
    "memorysetup-bucket-allocator-bucket-count=8"
    "memorysetup-bucket-allocator-block-size=33554432"
    "memorysetup-bucket-allocator-block-count=8"
    "memorysetup-main-allocator-block-size=16777216"
    "memorysetup-thread-allocator-block-size=16777216"
    "memorysetup-gfx-main-allocator-block-size=16777216"
    "memorysetup-gfx-thread-allocator-block-size=16777216"
    "memorysetup-cache-allocator-block-size=4194304"
    "memorysetup-typetree-allocator-block-size=2097152"
    "memorysetup-profiler-bucket-allocator-granularity=16"
    "memorysetup-profiler-bucket-allocator-bucket-count=8"
    "memorysetup-profiler-bucket-allocator-block-size=33554432"
    "memorysetup-profiler-bucket-allocator-block-count=8"
    "memorysetup-profiler-allocator-block-size=16777216"
    "memorysetup-profiler-editor-allocator-block-size=1048576"
    "memorysetup-temp-allocator-size-main=16777216"
    "memorysetup-job-temp-allocator-block-size=2097152"
    "memorysetup-job-temp-allocator-block-size-background=1048576"
    "memorysetup-job-temp-allocator-reduction-small-platforms=262144"
    "memorysetup-temp-allocator-size-background-worker=32768"
    "memorysetup-temp-allocator-size-job-worker=262144"
    "memorysetup-temp-allocator-size-preload-manager=33554432"
    "memorysetup-temp-allocator-size-nav-mesh-worker=65536"
    "memorysetup-temp-allocator-size-audio-worker=65536"
    "memorysetup-temp-allocator-size-cloud-worker=32768"
    "memorysetup-temp-allocator-size-gi-baking-worker=262144"
    "memorysetup-temp-allocator-size-gfx=262144"
Refreshing native plugins compatible for Editor in 98.69 ms, found 3 plugins.
Preloading 0 native plugins for Editor in 0.00 ms.
Initialize engine version: 2022.1.0b16 (098023fe5c31)
[Subsystems] Discovering subsystems at path D:/unity/2022.1.0b16/Editor/Data/Resources/UnitySubsystems
[Subsystems] Discovering subsystems at path C:/ModelDisplay/Assets
GfxDevice: creating device client; threaded=0; jobified=0
Direct3D:
    Version:  Direct3D 11.0 [level 11.1]
    Renderer: NVIDIA GeForce GTX 1050 Ti (ID=0x1c82)
    Vendor:   NVIDIA
    VRAM:     4019 MB
    Driver:   31.0.15.1694
Initialize mono
Mono path[0] = 'D:/unity/2022.1.0b16/Editor/Data/Managed'
Mono path[1] = 'D:/unity/2022.1.0b16/Editor/Data/MonoBleedingEdge/lib/mono/unityjit-win32'
Mono config path = 'D:/unity/2022.1.0b16/Editor/Data/MonoBleedingEdge/etc'
Using monoOptions --debugger-agent=transport=dt_socket,embedding=1,server=y,suspend=n,address=127.0.0.1:56856
Begin MonoManager ReloadAssembly
Registering precompiled unity dll's ...
Register platform support module: D:/unity/2022.1.0b16/Editor/Data/PlaybackEngines/MacStandaloneSupport/UnityEditor.OSXStandalone.Extensions.dll
Register platform support module: D:/unity/2022.1.0b16/Editor/Data/PlaybackEngines/AndroidPlayer/UnityEditor.Android.Extensions.dll
Register platform support module: D:/unity/2022.1.0b16/Editor/Data/PlaybackEngines/iOSSupport/UnityEditor.iOS.Extensions.dll
Register platform support module: D:/unity/2022.1.0b16/Editor/Data/PlaybackEngines/WindowsStandaloneSupport/UnityEditor.WindowsStandalone.Extensions.dll
Register platform support module: D:/unity/2022.1.0b16/Editor/Data/PlaybackEngines/LinuxStandaloneSupport/UnityEditor.LinuxStandalone.Extensions.dll
Registered in 0.003014 seconds.
Native extension for LinuxStandalone target not found
Native extension for WindowsStandalone target not found
[usbmuxd] Start listen thread
[usbmuxd] Listen thread started
[usbmuxd] Send listen message
Native extension for iOS target not found
Native extension for Android target not found
Native extension for OSXStandalone target not found
Refreshing native plugins compatible for Editor in 66.75 ms, found 3 plugins.
Preloading 0 native plugins for Editor in 0.00 ms.
Mono: successfully reloaded assembly
- Completed reload, in  0.661 seconds
Domain Reload Profiling:
	ReloadAssembly (662ms)
		BeginReloadAssembly (80ms)
			ExecutionOrderSort (0ms)
			DisableScriptedObjects (0ms)
			BackupInstance (0ms)
			ReleaseScriptingObjects (0ms)
			CreateAndSetChildDomain (1ms)
		EndReloadAssembly (464ms)
			LoadAssemblies (80ms)
			RebuildTransferFunctionScriptingTraits (0ms)
			SetupTypeCache (116ms)
				TypeCache.Initialize (116ms)
					TypeCache.ScanAssembly (114ms)
				ResolveRequiredComponents (1ms)
			ReleaseScriptCaches (0ms)
			RebuildScriptCaches (24ms)
			SetupLoadedEditorAssemblies (276ms)
				LogAssemblyErrors (0ms)
				InitializePlatformSupportModulesInManaged (62ms)
				SetLoadedEditorAssemblies (7ms)
				RefreshPlugins (67ms)
				BeforeProcessingInitializeOnLoad (2ms)
				ProcessInitializeOnLoadAttributes (97ms)
				ProcessInitializeOnLoadMethodAttributes (41ms)
				AfterProcessingInitializeOnLoad (0ms)
				EditorAssembliesLoaded (0ms)
			ExecutionOrderSort2 (0ms)
			AwakeInstancesAfterBackupRestoration (0ms)
Platform modules already initialized, skipping
Registering precompiled user dll's ...
Registered in 0.003699 seconds.
Begin MonoManager ReloadAssembly
Symbol file LoadedFromMemory doesn't match image C:\ModelDisplay\Library\PackageCache\com.unity.visualscripting@1.7.5\Editor\VisualScripting.Core\Dependencies\YamlDotNet\Unity.VisualScripting.YamlDotNet.dll
Symbol file LoadedFromMemory is not a mono symbol file
Symbol file LoadedFromMemory doesn't match image C:\ModelDisplay\Library\PackageCache\com.unity.visualscripting@1.7.5\Editor\VisualScripting.Core\Dependencies\DotNetZip\Unity.VisualScripting.IonicZip.dll
Native extension for LinuxStandalone target not found
Native extension for WindowsStandalone target not found
Native extension for iOS target not found
Native extension for Android target not found
Native extension for OSXStandalone target not found
Refreshing native plugins compatible for Editor in 0.76 ms, found 3 plugins.
Preloading 0 native plugins for Editor in 0.00 ms.
Mono: successfully reloaded assembly
- Completed reload, in  1.041 seconds
Domain Reload Profiling:
	ReloadAssembly (1042ms)
		BeginReloadAssembly (215ms)
			ExecutionOrderSort (0ms)
			DisableScriptedObjects (6ms)
			BackupInstance (0ms)
			ReleaseScriptingObjects (0ms)
			CreateAndSetChildDomain (131ms)
		EndReloadAssembly (738ms)
			LoadAssemblies (77ms)
			RebuildTransferFunctionScriptingTraits (0ms)
			SetupTypeCache (217ms)
				TypeCache.Initialize (214ms)
					TypeCache.ScanAssembly (210ms)
				ResolveRequiredComponents (3ms)
			ReleaseScriptCaches (1ms)
			RebuildScriptCaches (44ms)
			SetupLoadedEditorAssemblies (343ms)
				LogAssemblyErrors (0ms)
				InitializePlatformSupportModulesInManaged (23ms)
				SetLoadedEditorAssemblies (6ms)
				RefreshPlugins (1ms)
				BeforeProcessingInitializeOnLoad (59ms)
				ProcessInitializeOnLoadAttributes (214ms)
				ProcessInitializeOnLoadMethodAttributes (35ms)
				AfterProcessingInitializeOnLoad (4ms)
				EditorAssembliesLoaded (1ms)
			ExecutionOrderSort2 (0ms)
			AwakeInstancesAfterBackupRestoration (7ms)
Platform modules already initialized, skipping
========================================================================
Worker process is ready to serve import requests
Launched and connected shader compiler UnityShaderCompiler.exe after 0.04 seconds
Refreshing native plugins compatible for Editor in 1.00 ms, found 3 plugins.
Preloading 0 native plugins for Editor in 0.00 ms.
Unloading 3243 Unused Serialized files (Serialized files now loaded: 0)
Unloading 22 unused Assets / (58.1 KB). Loaded Objects now: 3709.
Memory consumption went from 499.6 MB to 499.5 MB.
Total: 3.045900 ms (FindLiveObjects: 0.248200 ms CreateObjectMapping: 0.201600 ms MarkObjects: 2.525000 ms  DeleteObjects: 0.070100 ms)

AssetImportParameters requested are different than current active one (requested -> active):
  custom:video-decoder-ogg-theora: a1e56fd34408186e4bbccfd4996cb3dc -> 
  custom:container-muxer-webm: aa71ff27fc2769a1b78a27578f13a17b -> 
  custom:container-demuxer-webm: 4f35f7cbe854078d1ac9338744f61a02 -> 
  custom:video-encoder-webm-vp8: eb34c28f22e8b96e1ab97ce403110664 -> 
  custom:audio-encoder-webm-vorbis: bf7c407c2cedff20999df2af8eb42d56 -> 
  custom:framework-win-MediaFoundation: 216162199b28c13a410421893ffa2e32 -> 
  custom:container-demuxer-ogg: 62fdf1f143b41e24485cea50d1cbac27 -> 
  custom:video-decoder-webm-vp8: 9c59270c3fd7afecdb556c50c9e8de78 -> 
  custom:audio-decoder-ogg-vorbis: bf7c407c2cedff20999df2af8eb42d56 -> 
========================================================================
Received Import Request.
  Time since last request: 369449.198878 seconds.
  path: Assets/Complete Textured Prefabs/m1911/m1911 materials/m1911textures/m1911_top_BaseMap.png
  artifactKey: Guid(dc7029e6d8b74fe4880ede25a4b84b4c) Importer(815301076,1909f56bfc062723c751e8b465ee728b)
Start importing Assets/Complete Textured Prefabs/m1911/m1911 materials/m1911textures/m1911_top_BaseMap.png using Guid(dc7029e6d8b74fe4880ede25a4b84b4c) Importer(815301076,1909f56bfc062723c751e8b465ee728b)  -> (artifact id: 'd7f47bb967d44a383599a2b3eb6dff58') in 0.076806 seconds 
========================================================================
Received Import Request.
  Time since last request: 235.907916 seconds.
  path: Assets/Complete Textured Prefabs/m1911/m1911 materials/m1911textures/m1911_palmpush_MaskMap.png
  artifactKey: Guid(eacb56f1ce3646f46865273f55e05da2) Importer(815301076,1909f56bfc062723c751e8b465ee728b)
Start importing Assets/Complete Textured Prefabs/m1911/m1911 materials/m1911textures/m1911_palmpush_MaskMap.png using Guid(eacb56f1ce3646f46865273f55e05da2) Importer(815301076,1909f56bfc062723c751e8b465ee728b)  -> (artifact id: '0add17e2f115adbeb85e2c865d40e998') in 0.024146 seconds 
========================================================================
Received Import Request.
  Time since last request: 0.000027 seconds.
  path: Assets/Complete Textured Prefabs/m1911/m1911 materials/m1911textures/m1911_top_Normal.png
  artifactKey: Guid(140f409c9e3a34a40a478778aa683f25) Importer(815301076,1909f56bfc062723c751e8b465ee728b)
Start importing Assets/Complete Textured Prefabs/m1911/m1911 materials/m1911textures/m1911_top_Normal.png using Guid(140f409c9e3a34a40a478778aa683f25) Importer(815301076,1909f56bfc062723c751e8b465ee728b)  -> (artifact id: '340bdff4b234d4dcd0fea2e6034aa813') in 0.036112 seconds 
========================================================================
Received Import Request.
  Time since last request: 0.000027 seconds.
  path: Assets/Complete Textured Prefabs/m1911/m1911 materials/m1911textures/m1911_safety_MaskMap.png
  artifactKey: Guid(2aabb8400b6f0cb45ab2e76364d7d32e) Importer(815301076,1909f56bfc062723c751e8b465ee728b)
Start importing Assets/Complete Textured Prefabs/m1911/m1911 materials/m1911textures/m1911_safety_MaskMap.png using Guid(2aabb8400b6f0cb45ab2e76364d7d32e) Importer(815301076,1909f56bfc062723c751e8b465ee728b)  -> (artifact id: '9d449aa91902236cd417c9400f0be12a') in 0.015030 seconds 
========================================================================
Received Import Request.
  Time since last request: 0.000033 seconds.
  path: Assets/Complete Textured Prefabs/m1911/m1911 materials/m1911textures/m1911_tiled_Normal.png
  artifactKey: Guid(5a29aa61e10050b4db0c08405099c7a9) Importer(815301076,1909f56bfc062723c751e8b465ee728b)
Start importing Assets/Complete Textured Prefabs/m1911/m1911 materials/m1911textures/m1911_tiled_Normal.png using Guid(5a29aa61e10050b4db0c08405099c7a9) Importer(815301076,1909f56bfc062723c751e8b465ee728b)  -> (artifact id: 'a71d034cd7edae221538db79199a8423') in 0.014051 seconds 
========================================================================
Received Import Request.
  Time since last request: 0.000029 seconds.
  path: Assets/Complete Textured Prefabs/m1911/m1911 materials/m1911textures/m1911_top_Emissive.png
  artifactKey: Guid(240af30c89da5ab4bbcdc7396aa7ef59) Importer(815301076,1909f56bfc062723c751e8b465ee728b)
Start importing Assets/Complete Textured Prefabs/m1911/m1911 materials/m1911textures/m1911_top_Emissive.png using Guid(240af30c89da5ab4bbcdc7396aa7ef59) Importer(815301076,1909f56bfc062723c751e8b465ee728b)  -> (artifact id: '63cabe6a2ad25285ccf496c6514485e1') in 0.012049 seconds 
Editor requested this worker to shutdown with reason: Scaling down because of idle timeout
AssetImportWorker is now disconnected from the server
Process exiting
Exiting without the bug reporter. Application will terminate with return code 0